<?xml version="1.0" encoding="UTF-8"?>
<testsuite name="br.dev.sno0s.hgplugin.tests.PlayerJoinListenerTest" tests="1" skipped="0" failures="0" errors="0" timestamp="2025-09-27T21:34:37" hostname="SARAMPO" time="0.014">
  <properties/>
  <testcase name="instanciaNaoEhNula()" classname="br.dev.sno0s.hgplugin.tests.PlayerJoinListenerTest" time="0.014"/>
  <system-out><![CDATA[]]></system-out>
  <system-err><![CDATA[]]></system-err>
</testsuite>
